[2014-05-10 14:05:23] myapp.INFO: Matched route "admin" (parameters: "_controller": "Controllers\PageController::adminAction", "_route": "admin") [] []
[2014-05-10 14:05:23] myapp.DEBUG: Read SecurityContext from the session [] []
[2014-05-10 14:05:23] myapp.DEBUG: Reloading user from user provider. [] []
[2014-05-10 14:05:23] myapp.DEBUG: Username "admin" was reloaded from user provider. [] []
[2014-05-10 14:05:23] myapp.INFO: > GET /admin/ [] []
[2014-05-10 14:05:23] myapp.INFO: < 200 [] []
[2014-05-10 14:05:23] myapp.DEBUG: Write SecurityContext in the session [] []
[2014-05-10 14:06:21] myapp.INFO: Matched route "admin" (parameters: "_controller": "Controllers\PageController::adminAction", "_route": "admin") [] []
[2014-05-10 14:06:21] myapp.DEBUG: Read SecurityContext from the session [] []
[2014-05-10 14:06:21] myapp.DEBUG: Reloading user from user provider. [] []
[2014-05-10 14:06:21] myapp.DEBUG: Username "admin" was reloaded from user provider. [] []
[2014-05-10 14:06:21] myapp.INFO: > GET /admin/ [] []
[2014-05-10 14:06:21] myapp.INFO: < 200 [] []
[2014-05-10 14:06:21] myapp.DEBUG: Write SecurityContext in the session [] []
[2014-05-10 14:06:22] myapp.INFO: Matched route "admin" (parameters: "_controller": "Controllers\PageController::adminAction", "_route": "admin") [] []
[2014-05-10 14:06:22] myapp.DEBUG: Read SecurityContext from the session [] []
[2014-05-10 14:06:22] myapp.DEBUG: Reloading user from user provider. [] []
[2014-05-10 14:06:22] myapp.DEBUG: Username "admin" was reloaded from user provider. [] []
[2014-05-10 14:06:22] myapp.INFO: > GET /admin/ [] []
[2014-05-10 14:06:22] myapp.INFO: < 200 [] []
[2014-05-10 14:06:22] myapp.DEBUG: Write SecurityContext in the session [] []
[2014-05-10 14:06:22] myapp.INFO: Matched route "admin" (parameters: "_controller": "Controllers\PageController::adminAction", "_route": "admin") [] []
[2014-05-10 14:06:22] myapp.DEBUG: Read SecurityContext from the session [] []
[2014-05-10 14:06:22] myapp.DEBUG: Reloading user from user provider. [] []
[2014-05-10 14:06:22] myapp.DEBUG: Username "admin" was reloaded from user provider. [] []
[2014-05-10 14:06:22] myapp.INFO: > GET /admin/ [] []
[2014-05-10 14:06:22] myapp.INFO: < 200 [] []
[2014-05-10 14:06:22] myapp.DEBUG: Write SecurityContext in the session [] []
[2014-05-10 14:06:23] myapp.INFO: Matched route "uploadDocument" (parameters: "_controller": "Controllers\PageController::uploadDocumentAction", "_route": "uploadDocument") [] []
[2014-05-10 14:06:23] myapp.DEBUG: Read SecurityContext from the session [] []
[2014-05-10 14:06:23] myapp.DEBUG: Reloading user from user provider. [] []
[2014-05-10 14:06:23] myapp.DEBUG: Username "admin" was reloaded from user provider. [] []
[2014-05-10 14:06:23] myapp.INFO: > GET /admin/uploadDocument [] []
[2014-05-10 14:06:23] myapp.INFO: < 200 [] []
[2014-05-10 14:06:23] myapp.DEBUG: Write SecurityContext in the session [] []
[2014-05-10 14:08:38] myapp.INFO: Matched route "uploadDocument" (parameters: "_controller": "Controllers\PageController::uploadDocumentAction", "_route": "uploadDocument") [] []
[2014-05-10 14:08:38] myapp.DEBUG: Read SecurityContext from the session [] []
[2014-05-10 14:08:38] myapp.DEBUG: Reloading user from user provider. [] []
[2014-05-10 14:08:38] myapp.DEBUG: Username "admin" was reloaded from user provider. [] []
[2014-05-10 14:08:38] myapp.INFO: > GET /admin/uploadDocument [] []
[2014-05-10 14:08:38] myapp.INFO: < 200 [] []
[2014-05-10 14:08:38] myapp.DEBUG: Write SecurityContext in the session [] []
[2014-05-10 14:08:38] myapp.INFO: Matched route "uploadDocument" (parameters: "_controller": "Controllers\PageController::uploadDocumentAction", "_route": "uploadDocument") [] []
[2014-05-10 14:08:38] myapp.DEBUG: Read SecurityContext from the session [] []
[2014-05-10 14:08:38] myapp.DEBUG: Reloading user from user provider. [] []
[2014-05-10 14:08:38] myapp.DEBUG: Username "admin" was reloaded from user provider. [] []
[2014-05-10 14:08:38] myapp.INFO: > GET /admin/uploadDocument [] []
[2014-05-10 14:08:38] myapp.INFO: < 200 [] []
[2014-05-10 14:08:38] myapp.DEBUG: Write SecurityContext in the session [] []
[2014-05-10 14:08:54] myapp.INFO: Matched route "uploadDocument" (parameters: "_controller": "Controllers\PageController::uploadDocumentAction", "_route": "uploadDocument") [] []
[2014-05-10 14:08:54] myapp.DEBUG: Read SecurityContext from the session [] []
[2014-05-10 14:08:54] myapp.DEBUG: Reloading user from user provider. [] []
[2014-05-10 14:08:54] myapp.DEBUG: Username "admin" was reloaded from user provider. [] []
[2014-05-10 14:08:54] myapp.INFO: > GET /admin/uploadDocument [] []
[2014-05-10 14:08:54] myapp.INFO: < 200 [] []
[2014-05-10 14:08:54] myapp.DEBUG: Write SecurityContext in the session [] []
[2014-05-10 14:11:14] myapp.INFO: Matched route "uploadDocument" (parameters: "_controller": "Controllers\PageController::uploadDocumentAction", "_route": "uploadDocument") [] []
[2014-05-10 14:11:14] myapp.DEBUG: Read SecurityContext from the session [] []
[2014-05-10 14:11:14] myapp.DEBUG: Reloading user from user provider. [] []
[2014-05-10 14:11:14] myapp.DEBUG: Username "admin" was reloaded from user provider. [] []
[2014-05-10 14:11:14] myapp.INFO: > GET /admin/uploadDocument [] []
[2014-05-10 14:11:14] myapp.INFO: < 200 [] []
[2014-05-10 14:11:14] myapp.DEBUG: Write SecurityContext in the session [] []
[2014-05-10 14:11:14] myapp.INFO: Matched route "uploadDocument" (parameters: "_controller": "Controllers\PageController::uploadDocumentAction", "_route": "uploadDocument") [] []
[2014-05-10 14:11:14] myapp.DEBUG: Read SecurityContext from the session [] []
[2014-05-10 14:11:14] myapp.DEBUG: Reloading user from user provider. [] []
[2014-05-10 14:11:14] myapp.DEBUG: Username "admin" was reloaded from user provider. [] []
[2014-05-10 14:11:14] myapp.INFO: > GET /admin/uploadDocument [] []
[2014-05-10 14:11:14] myapp.INFO: < 200 [] []
[2014-05-10 14:11:14] myapp.DEBUG: Write SecurityContext in the session [] []
[2014-05-10 14:11:23] myapp.INFO: Matched route "admin" (parameters: "_controller": "Controllers\PageController::adminAction", "_route": "admin") [] []
[2014-05-10 14:11:23] myapp.DEBUG: Read SecurityContext from the session [] []
[2014-05-10 14:11:23] myapp.DEBUG: Reloading user from user provider. [] []
[2014-05-10 14:11:23] myapp.DEBUG: Username "admin" was reloaded from user provider. [] []
[2014-05-10 14:11:23] myapp.INFO: > GET /admin/ [] []
[2014-05-10 14:11:23] myapp.INFO: < 200 [] []
[2014-05-10 14:11:23] myapp.DEBUG: Write SecurityContext in the session [] []
[2014-05-10 14:11:23] myapp.INFO: Matched route "admin" (parameters: "_controller": "Controllers\PageController::adminAction", "_route": "admin") [] []
[2014-05-10 14:11:23] myapp.DEBUG: Read SecurityContext from the session [] []
[2014-05-10 14:11:23] myapp.DEBUG: Reloading user from user provider. [] []
[2014-05-10 14:11:23] myapp.DEBUG: Username "admin" was reloaded from user provider. [] []
[2014-05-10 14:11:23] myapp.INFO: > GET /admin/ [] []
[2014-05-10 14:11:23] myapp.INFO: < 200 [] []
[2014-05-10 14:11:23] myapp.DEBUG: Write SecurityContext in the session [] []
[2014-05-10 14:11:25] myapp.INFO: Matched route "uploadClip" (parameters: "_controller": "Controllers\PageController::uploadClipAction", "_route": "uploadClip") [] []
[2014-05-10 14:11:25] myapp.DEBUG: Read SecurityContext from the session [] []
[2014-05-10 14:11:25] myapp.DEBUG: Reloading user from user provider. [] []
[2014-05-10 14:11:25] myapp.DEBUG: Username "admin" was reloaded from user provider. [] []
[2014-05-10 14:11:25] myapp.INFO: > GET /admin/uploadClip [] []
[2014-05-10 14:11:25] myapp.CRITICAL: InvalidArgumentException: Controller "Controllers\PageController::uploadClipAction" for URI "/admin/uploadClip" is not callable. (uncaught exception) at /var/www/Prince2App/vendor/symfony/http-kernel/Symfony/Component/HttpKernel/Controller/ControllerResolver.php line 83 {"exception":"[object] (InvalidArgumentException: Controller \"Controllers\\PageController::uploadClipAction\" for URI \"/admin/uploadClip\" is not callable. at /var/www/Prince2App/vendor/symfony/http-kernel/Symfony/Component/HttpKernel/Controller/ControllerResolver.php:83)"} []
[2014-05-10 14:11:25] myapp.INFO: < 500 [] []
[2014-05-10 14:11:25] myapp.DEBUG: Write SecurityContext in the session [] []
[2014-05-10 14:11:59] myapp.INFO: Matched route "uploadClip" (parameters: "_controller": "Controllers\PageController::uploadClipAction", "_route": "uploadClip") [] []
[2014-05-10 14:11:59] myapp.DEBUG: Read SecurityContext from the session [] []
[2014-05-10 14:11:59] myapp.DEBUG: Reloading user from user provider. [] []
[2014-05-10 14:11:59] myapp.DEBUG: Username "admin" was reloaded from user provider. [] []
[2014-05-10 14:11:59] myapp.INFO: > GET /admin/uploadClip [] []
[2014-05-10 14:11:59] myapp.INFO: < 200 [] []
[2014-05-10 14:11:59] myapp.DEBUG: Write SecurityContext in the session [] []
[2014-05-10 15:08:10] myapp.INFO: Matched route "home" (parameters: "_controller": "Controllers\PageController::indexAction", "_route": "home") [] []
[2014-05-10 15:08:10] myapp.INFO: > GET / [] []
[2014-05-10 15:08:10] myapp.INFO: < 200 [] []
[2014-05-10 15:08:11] myapp.ERROR: Symfony\Component\HttpKernel\Exception\NotFoundHttpException: No route found for "GET /favicon.ico" (uncaught exception) at /var/www/Prince2App/vendor/symfony/http-kernel/Symfony/Component/HttpKernel/EventListener/RouterListener.php line 145 {"exception":"[object] (Symfony\\Component\\HttpKernel\\Exception\\NotFoundHttpException: No route found for \"GET /favicon.ico\" at /var/www/Prince2App/vendor/symfony/http-kernel/Symfony/Component/HttpKernel/EventListener/RouterListener.php:145, Symfony\\Component\\Routing\\Exception\\ResourceNotFoundException:  at /var/www/Prince2App/vendor/symfony/routing/Symfony/Component/Routing/Matcher/UrlMatcher.php:96)"} []
[2014-05-10 15:08:11] myapp.INFO: < 404 [] []
[2014-05-10 15:08:11] myapp.INFO: Matched route "home" (parameters: "_controller": "Controllers\PageController::indexAction", "_route": "home") [] []
[2014-05-10 15:08:11] myapp.INFO: > GET / [] []
[2014-05-14 12:47:42] myapp.INFO: Matched route "login" (parameters: "_controller": "Controllers\PageController::loginAction", "_route": "login") [] []
[2014-05-14 12:47:42] myapp.INFO: > GET /login [] []
[2014-05-14 12:47:43] myapp.INFO: < 200 [] []
[2014-05-14 12:47:43] myapp.ERROR: Symfony\Component\HttpKernel\Exception\NotFoundHttpException: No route found for "GET /favicon.ico" (uncaught exception) at /var/www/Prince2App/vendor/symfony/http-kernel/Symfony/Component/HttpKernel/EventListener/RouterListener.php line 145 {"exception":"[object] (Symfony\\Component\\HttpKernel\\Exception\\NotFoundHttpException: No route found for \"GET /favicon.ico\" at /var/www/Prince2App/vendor/symfony/http-kernel/Symfony/Component/HttpKernel/EventListener/RouterListener.php:145, Symfony\\Component\\Routing\\Exception\\ResourceNotFoundException:  at /var/www/Prince2App/vendor/symfony/routing/Symfony/Component/Routing/Matcher/UrlMatcher.php:96)"} []
[2014-05-14 12:47:43] myapp.INFO: < 404 [] []
[2014-05-14 12:47:53] myapp.INFO: Matched route "checkLogin" (parameters: "_controller": "Controllers\PageController::checkLogin", "_route": "checkLogin") [] []
[2014-05-14 12:47:54] myapp.INFO: User "admin" has been authenticated successfully [] []
[2014-05-14 12:47:54] myapp.DEBUG: Clearing remember-me cookie "REMEMBERME" [] []
[2014-05-14 12:47:54] myapp.DEBUG: Remember-me was requested; setting cookie. [] []
[2014-05-14 12:47:54] myapp.INFO: < 302 http://p2.localhost/admin/ [] []
[2014-05-14 12:47:54] myapp.DEBUG: Write SecurityContext in the session [] []
[2014-05-14 12:47:54] myapp.INFO: Matched route "admin" (parameters: "_controller": "Controllers\PageController::adminAction", "_route": "admin") [] []
[2014-05-14 12:47:54] myapp.DEBUG: Read SecurityContext from the session [] []
[2014-05-14 12:47:54] myapp.DEBUG: Reloading user from user provider. [] []
[2014-05-14 12:47:54] myapp.DEBUG: Username "admin" was reloaded from user provider. [] []
[2014-05-14 12:47:54] myapp.INFO: > GET /admin/ [] []
[2014-05-14 12:47:54] myapp.INFO: < 200 [] []
[2014-05-14 12:47:54] myapp.DEBUG: Write SecurityContext in the session [] []
[2014-05-14 12:49:13] myapp.INFO: Matched route "home" (parameters: "_controller": "Controllers\PageController::indexAction", "_route": "home") [] []
[2014-05-14 12:49:13] myapp.INFO: > GET / [] []
[2014-05-14 12:49:26] myapp.INFO: Matched route "home" (parameters: "_controller": "Controllers\PageController::indexAction", "_route": "home") [] []
[2014-05-14 12:49:26] myapp.INFO: > GET / [] []
[2014-05-14 12:49:26] myapp.INFO: < 200 [] []
